<?xml version="1.0" encoding="UTF-8"?>
<testng-results skipped="0" failed="0" ignored="0" total="1" passed="1">
  <reporter-output>
  </reporter-output>
  <suite name="Default suite" duration-ms="18204" started-at="2022-03-15T00:37:24 IST" finished-at="2022-03-15T00:37:42 IST">
    <groups>
    </groups>
    <test name="Default test" duration-ms="18204" started-at="2022-03-15T00:37:24 IST" finished-at="2022-03-15T00:37:42 IST">
      <class name="UserActions.TransferHistory">
        <test-method status="PASS" signature="TransactionHistory()[pri:0, instance:UserActions.TransferHistory@569cfc36]" name="TransactionHistory" duration-ms="18174" started-at="2022-03-15T00:37:24 IST" finished-at="2022-03-15T00:37:42 IST">
          <reporter-output>
          </reporter-output>
        </test-method> <!-- TransactionHistory -->
      </class> <!-- UserActions.TransferHistory -->
    </test> <!-- Default test -->
  </suite> <!-- Default suite -->
</testng-results>
